<?xml version="1.0" encoding="UTF-8"?>
<!-- Generated by org.testng.reporters.JUnitReportReporter -->
<testsuite hostname="LAPTOP-MC4R20CB" failures="0" tests="2" name="com.ripplestreet.AllGetApis.AudiencePromotionControllerGetApi" time="3.432" errors="0" timestamp="2023-07-14T16:56:33 IST" skipped="0">
  <testcase classname="com.ripplestreet.AllGetApis.AudiencePromotionControllerGetApi" name="getListOfAudiencePromotionJobsByEventId" time="1.268"/>
  <system-out/>
  <testcase classname="com.ripplestreet.AllGetApis.AudiencePromotionControllerGetApi" name="getListOfInviteOnlyUsersByEventId" time="2.164"/>
  <system-out/>
</testsuite> <!-- com.ripplestreet.AllGetApis.AudiencePromotionControllerGetApi -->
