<?xml version="1.0" encoding="UTF-8"?>
<!-- Generated by org.testng.reporters.JUnitReportReporter -->
<testsuite hostname="LAPTOP-MC4R20CB" failures="0" tests="2" name="com.ripplestreet.AllGetApis.MobileCommunityControllerGetApi" time="2.381" errors="0" timestamp="2023-07-14T16:56:33 IST" skipped="0">
  <testcase classname="com.ripplestreet.AllGetApis.MobileCommunityControllerGetApi" name="getAllEventsByUserAndParticipantTypeApplicant" time="1.173"/>
  <system-out/>
  <testcase classname="com.ripplestreet.AllGetApis.MobileCommunityControllerGetApi" name="getActiveEventsDetailForUser" time="1.208"/>
  <system-out/>
</testsuite> <!-- com.ripplestreet.AllGetApis.MobileCommunityControllerGetApi -->
