<?xml version="1.0" encoding="UTF-8"?>
<!-- Generated by org.testng.reporters.JUnitReportReporter -->
<testsuite hostname="LAPTOP-MC4R20CB" failures="0" tests="1" name="com.ripplestreet.AllPutApis.CampaignControllerPutApi" time="1.827" errors="0" timestamp="2023-07-14T16:56:33 IST" skipped="0">
  <testcase classname="com.ripplestreet.AllPutApis.CampaignControllerPutApi" name="updateCampaign" time="1.827"/>
  <system-out/>
</testsuite> <!-- com.ripplestreet.AllPutApis.CampaignControllerPutApi -->
