<?xml version="1.0" encoding="UTF-8"?>
<!-- Generated by org.testng.reporters.JUnitReportReporter -->
<testsuite hostname="LAPTOP-MC4R20CB" failures="0" tests="1" name="com.ripplestreet.AllGetApis.RewardsItemsControllerGetApi" time="1.168" errors="0" timestamp="2023-07-14T16:56:33 IST" skipped="0">
  <testcase classname="com.ripplestreet.AllGetApis.RewardsItemsControllerGetApi" name="getRewarditems" time="1.168"/>
  <system-out/>
</testsuite> <!-- com.ripplestreet.AllGetApis.RewardsItemsControllerGetApi -->
