<?xml version="1.0" encoding="UTF-8"?>
<!-- Generated by org.testng.reporters.JUnitReportReporter -->
<testsuite hostname="LAPTOP-MC4R20CB" failures="0" tests="2" name="com.ripplestreet.AllGetApis.SwagControllerGetApi" time="2.304" errors="0" timestamp="2023-07-14T16:56:33 IST" skipped="0">
  <testcase classname="com.ripplestreet.AllGetApis.SwagControllerGetApi" name="getSwag" time="1.106"/>
  <system-out/>
  <testcase classname="com.ripplestreet.AllGetApis.SwagControllerGetApi" name="getSwagList" time="1.198"/>
  <system-out/>
</testsuite> <!-- com.ripplestreet.AllGetApis.SwagControllerGetApi -->
