<?xml version="1.0" encoding="UTF-8"?>
<!-- Generated by org.testng.reporters.JUnitReportReporter -->
<testsuite hostname="LAPTOP-MC4R20CB" failures="0" tests="1" name="com.ripplestreet.AllPutApis.SegmentationJobControllerPutApi" time="1.843" errors="0" timestamp="2023-07-14T16:56:33 IST" skipped="0">
  <testcase classname="com.ripplestreet.AllPutApis.SegmentationJobControllerPutApi" name="createASegmentJob" time="1.843"/>
  <system-out/>
</testsuite> <!-- com.ripplestreet.AllPutApis.SegmentationJobControllerPutApi -->
