<?xml version="1.0" encoding="UTF-8"?>
<!-- Generated by org.testng.reporters.JUnitReportReporter -->
<testsuite hostname="LAPTOP-MC4R20CB" failures="0" tests="3" name="com.ripplestreet.AllGetApis.userFamilyControllerGetApi" time="2.912" errors="0" timestamp="2023-07-14T16:56:33 IST" skipped="0">
  <testcase classname="com.ripplestreet.AllGetApis.userFamilyControllerGetApi" name="getUserChildern" time="0.511"/>
  <system-out/>
  <testcase classname="com.ripplestreet.AllGetApis.userFamilyControllerGetApi" name="getAllPetTypes" time="1.194"/>
  <system-out/>
  <testcase classname="com.ripplestreet.AllGetApis.userFamilyControllerGetApi" name="getAllPetsForUser" time="1.207"/>
  <system-out/>
</testsuite> <!-- com.ripplestreet.AllGetApis.userFamilyControllerGetApi -->
