<?xml version="1.0" encoding="UTF-8"?>
<!-- Generated by org.testng.reporters.JUnitReportReporter -->
<testsuite hostname="LAPTOP-MC4R20CB" failures="0" tests="3" name="com.ripplestreet.AllGetApis.OptInsControllerGetApi" time="3.676" errors="0" timestamp="2023-07-14T16:56:33 IST" skipped="0">
  <testcase classname="com.ripplestreet.AllGetApis.OptInsControllerGetApi" name="getListOptInByEventId" time="1.319"/>
  <system-out/>
  <testcase classname="com.ripplestreet.AllGetApis.OptInsControllerGetApi" name="GetRewardCountByEventIdAndPreferenceforPerson" time="1.227"/>
  <system-out/>
  <testcase classname="com.ripplestreet.AllGetApis.OptInsControllerGetApi" name="getOptInById" time="1.130"/>
  <system-out/>
</testsuite> <!-- com.ripplestreet.AllGetApis.OptInsControllerGetApi -->
