<?xml version="1.0" encoding="UTF-8"?>
<!-- Generated by org.testng.reporters.JUnitReportReporter -->
<testsuite hostname="LAPTOP-MC4R20CB" failures="0" tests="1" name="com.ripplestreet.AllGetApis.MarketingGoalsControllerGetApi" time="1.553" errors="0" timestamp="2023-07-14T16:56:33 IST" skipped="0">
  <testcase classname="com.ripplestreet.AllGetApis.MarketingGoalsControllerGetApi" name="getMarketingGoalsForEvent" time="1.553"/>
  <system-out/>
</testsuite> <!-- com.ripplestreet.AllGetApis.MarketingGoalsControllerGetApi -->
