<?xml version="1.0" encoding="UTF-8"?>
<!-- Generated by org.testng.reporters.JUnitReportReporter -->
<testsuite hostname="LAPTOP-MC4R20CB" failures="0" tests="2" name="com.ripplestreet.AllGetApis.IteratorGetApi" time="8.219" errors="0" timestamp="2023-07-14T16:56:33 IST" skipped="0">
  <testcase classname="com.ripplestreet.AllGetApis.IteratorGetApi" name="discoverEventsByAllEventType" time="5.692"/>
  <system-out/>
  <testcase classname="com.ripplestreet.AllGetApis.IteratorGetApi" name="getAllAGamesByAllDirectionsUsingIterator" time="2.527"/>
  <system-out/>
</testsuite> <!-- com.ripplestreet.AllGetApis.IteratorGetApi -->
