<?xml version="1.0" encoding="UTF-8"?>
<!-- Generated by org.testng.reporters.JUnitReportReporter -->
<testsuite hostname="LAPTOP-MC4R20CB" failures="0" tests="2" name="com.ripplestreet.AllPutApis.RewardItemControllerPutApi" time="3.694" errors="0" timestamp="2023-07-14T16:56:33 IST" skipped="0">
  <testcase classname="com.ripplestreet.AllPutApis.RewardItemControllerPutApi" name="UpdateRewardIteams" time="1.834"/>
  <system-out/>
  <testcase classname="com.ripplestreet.AllPutApis.RewardItemControllerPutApi" name="UpdateRewardItemsSkuAlliases" time="1.860"/>
  <system-out/>
</testsuite> <!-- com.ripplestreet.AllPutApis.RewardItemControllerPutApi -->
