<?xml version="1.0" encoding="UTF-8"?>
<!-- Generated by org.testng.reporters.JUnitReportReporter -->
<testsuite hostname="LAPTOP-MC4R20CB" failures="0" tests="4" name="com.ripplestreet.AllGetApis.RewardDeliveryControllerGetApi" time="5.190" errors="0" timestamp="2023-07-14T16:56:33 IST" skipped="0">
  <testcase classname="com.ripplestreet.AllGetApis.RewardDeliveryControllerGetApi" name="getDeliverySystemAttributeValue" time="1.308"/>
  <system-out/>
  <testcase classname="com.ripplestreet.AllGetApis.RewardDeliveryControllerGetApi" name="getRewardDeleveries" time="1.242"/>
  <system-out/>
  <testcase classname="com.ripplestreet.AllGetApis.RewardDeliveryControllerGetApi" name="getRewardDeleverie" time="1.221"/>
  <system-out/>
  <testcase classname="com.ripplestreet.AllGetApis.RewardDeliveryControllerGetApi" name="getAllRewardDeliveriesByPersonId" time="1.419"/>
  <system-out/>
</testsuite> <!-- com.ripplestreet.AllGetApis.RewardDeliveryControllerGetApi -->
