<?xml version="1.0" encoding="UTF-8"?>
<!-- Generated by org.testng.reporters.JUnitReportReporter -->
<testsuite hostname="LAPTOP-MC4R20CB" failures="0" tests="1" name="com.ripplestreet.AllGetApis.TargetsControllerGetApi" time="4.483" errors="0" timestamp="2023-07-12T11:07:46 IST" skipped="0">
  <testcase classname="com.ripplestreet.AllGetApis.TargetsControllerGetApi" name="getAlltargets" time="4.483"/>
  <system-out/>
</testsuite> <!-- com.ripplestreet.AllGetApis.TargetsControllerGetApi -->
