<?xml version="1.0" encoding="UTF-8"?>
<!-- Generated by org.testng.reporters.JUnitReportReporter -->
<testsuite hostname="LAPTOP-MC4R20CB" failures="0" tests="3" name="com.ripplestreet.AllGetApis.SponserControllerGetApi" time="4.468" errors="0" timestamp="2023-07-14T16:56:33 IST" skipped="0">
  <testcase classname="com.ripplestreet.AllGetApis.SponserControllerGetApi" name="findSponsorById" time="1.409"/>
  <system-out/>
  <testcase classname="com.ripplestreet.AllGetApis.SponserControllerGetApi" name="getAllSponsors" time="1.442"/>
  <system-out/>
  <testcase classname="com.ripplestreet.AllGetApis.SponserControllerGetApi" name="findAllsponsorAssetsbysponsorId" time="1.617"/>
  <system-out/>
</testsuite> <!-- com.ripplestreet.AllGetApis.SponserControllerGetApi -->
