<?xml version="1.0" encoding="UTF-8"?>
<!-- Generated by org.testng.reporters.JUnitReportReporter -->
<testsuite hostname="LAPTOP-MC4R20CB" failures="0" tests="2" name="com.ripplestreet.AllPutApis.ReceiptControllerPutApi" time="5.205" errors="0" timestamp="2023-07-14T16:56:33 IST" skipped="0">
  <testcase classname="com.ripplestreet.AllPutApis.ReceiptControllerPutApi" name="UpdateReceiptDatarecorder" time="3.243"/>
  <system-out/>
  <testcase classname="com.ripplestreet.AllPutApis.ReceiptControllerPutApi" name="UpdateAreceiptRecord" time="1.962"/>
  <system-out/>
</testsuite> <!-- com.ripplestreet.AllPutApis.ReceiptControllerPutApi -->
