<?xml version="1.0" encoding="UTF-8"?>
<!-- Generated by org.testng.reporters.JUnitReportReporter -->
<testsuite hostname="LAPTOP-MC4R20CB" failures="0" tests="6" name="com.ripplestreet.AllGetApis.NotificationControllerGetApi" time="7.878" errors="0" timestamp="2023-07-14T16:56:33 IST" skipped="0">
  <testcase classname="com.ripplestreet.AllGetApis.NotificationControllerGetApi" name="isEmailExistInSuppressionList" time="1.241"/>
  <system-out/>
  <testcase classname="com.ripplestreet.AllGetApis.NotificationControllerGetApi" name="getAllNotification" time="1.130"/>
  <system-out/>
  <testcase classname="com.ripplestreet.AllGetApis.NotificationControllerGetApi" name="GetCampaignByNotificationId" time="1.132"/>
  <system-out/>
  <testcase classname="com.ripplestreet.AllGetApis.NotificationControllerGetApi" name="GetStatusByNotificationId" time="1.224"/>
  <system-out/>
  <testcase classname="com.ripplestreet.AllGetApis.NotificationControllerGetApi" name="SearchCampaignforNotification" time="1.220"/>
  <system-out/>
  <testcase classname="com.ripplestreet.AllGetApis.NotificationControllerGetApi" name="GetKPIMatrixByCampaignId" time="1.931"/>
  <system-out/>
</testsuite> <!-- com.ripplestreet.AllGetApis.NotificationControllerGetApi -->
